<?xml version="1.0" encoding="UTF-8"?>
<testsuite xmlns:xsi="http://www.w3.org/2001/XMLSchema-instance" xsi:noNamespaceSchemaLocation="https://maven.apache.org/surefire/maven-surefire-plugin/xsd/surefire-test-report.xsd" name="com.subrutin.AppTest" time="0.076" tests="1" errors="0" skipped="0" failures="0">
  <properties>
    <property name="java.specification.version" value="21"/>
    <property name="sun.cpu.isalist" value="amd64"/>
    <property name="sun.jnu.encoding" value="Cp1252"/>
    <property name="java.class.path" value="D:\CodeBruh\book-catalog\target\test-classes;D:\CodeBruh\book-catalog\target\classes;D:\apache-maven-3.9.9-bin\apache-maven-3.9.9\junit\junit\4.11\junit-4.11.jar;D:\apache-maven-3.9.9-bin\apache-maven-3.9.9\org\hamcrest\hamcrest-core\1.3\hamcrest-core-1.3.jar;"/>
    <property name="java.vm.vendor" value="Oracle Corporation"/>
    <property name="sun.arch.data.model" value="64"/>
    <property name="user.variant" value=""/>
    <property name="java.vendor.url" value="https://java.oracle.com/"/>
    <property name="user.timezone" value="Asia/Jakarta"/>
    <property name="os.name" value="Windows 11"/>
    <property name="java.vm.specification.version" value="21"/>
    <property name="sun.java.launcher" value="SUN_STANDARD"/>
    <property name="user.country" value="ID"/>
    <property name="sun.boot.library.path" value="C:\Program Files\Java\jdk-21\bin"/>
    <property name="sun.java.command" value="C:\Users\USER1~1\AppData\Local\Temp\surefire7283387749926426168\surefirebooter13671486453558075900.jar C:\Users\USER 1\AppData\Local\Temp\surefire7283387749926426168 2024-10-24T10-29-11_339-jvmRun1 surefire15951075763877580951tmp surefire_017664082206184862543tmp"/>
    <property name="jdk.debug" value="release"/>
    <property name="surefire.test.class.path" value="D:\CodeBruh\book-catalog\target\test-classes;D:\CodeBruh\book-catalog\target\classes;D:\apache-maven-3.9.9-bin\apache-maven-3.9.9\junit\junit\4.11\junit-4.11.jar;D:\apache-maven-3.9.9-bin\apache-maven-3.9.9\org\hamcrest\hamcrest-core\1.3\hamcrest-core-1.3.jar;"/>
    <property name="sun.cpu.endian" value="little"/>
    <property name="user.home" value="C:\Users\USER 1"/>
    <property name="user.language" value="en"/>
    <property name="java.specification.vendor" value="Oracle Corporation"/>
    <property name="java.version.date" value="2024-04-16"/>
    <property name="java.home" value="C:\Program Files\Java\jdk-21"/>
    <property name="file.separator" value="\"/>
    <property name="basedir" value="D:\CodeBruh\book-catalog"/>
    <property name="java.vm.compressedOopsMode" value="Zero based"/>
    <property name="line.separator" value="&#10;"/>
    <property name="java.vm.specification.vendor" value="Oracle Corporation"/>
    <property name="java.specification.name" value="Java Platform API Specification"/>
    <property name="surefire.real.class.path" value="C:\Users\USER1~1\AppData\Local\Temp\surefire7283387749926426168\surefirebooter13671486453558075900.jar"/>
    <property name="user.script" value=""/>
    <property name="sun.management.compiler" value="HotSpot 64-Bit Tiered Compilers"/>
    <property name="java.runtime.version" value="21.0.3+7-LTS-152"/>
    <property name="user.name" value="USER 1"/>
    <property name="stdout.encoding" value="Cp1252"/>
    <property name="path.separator" value=";"/>
    <property name="os.version" value="10.0"/>
    <property name="java.runtime.name" value="Java(TM) SE Runtime Environment"/>
    <property name="file.encoding" value="UTF-8"/>
    <property name="java.vm.name" value="Java HotSpot(TM) 64-Bit Server VM"/>
    <property name="localRepository" value="D:\apache-maven-3.9.9-bin\apache-maven-3.9.9"/>
    <property name="java.vendor.url.bug" value="https://bugreport.java.com/bugreport/"/>
    <property name="java.io.tmpdir" value="C:\Users\USER1~1\AppData\Local\Temp\"/>
    <property name="java.version" value="21.0.3"/>
    <property name="user.dir" value="D:\CodeBruh\book-catalog"/>
    <property name="os.arch" value="amd64"/>
    <property name="java.vm.specification.name" value="Java Virtual Machine Specification"/>
    <property name="sun.os.patch.level" value=""/>
    <property name="native.encoding" value="Cp1252"/>
    <property name="java.library.path" value="C:\Program Files\Java\jdk-21\bin;C:\WINDOWS\Sun\Java\bin;C:\WINDOWS\system32;C:\WINDOWS;C:\Program Files\Common Files\Oracle\Java\javapath;C:\Python312\Scripts\;C:\Python312\;C:\Program Files\Microsoft\jdk-11.0.18.10-hotspot\bin;C:\Program Files (x86)\Common Files\Intel\Shared Files\cpp\bin\Intel64;C:\WINDOWS\system32;C:\WINDOWS;C:\WINDOWS\System32\Wbem;C:\WINDOWS\System32\WindowsPowerShell\v1.0\;C:\WINDOWS\System32\OpenSSH\;C:\Program Files\dotnet\;C:\Program Files\PuTTY\;C:\Program Files (x86)\Google\Cloud SDK\google-cloud-sdk\bin;C:\ProgramData\chocolatey\bin;C:\Program Files\Git\cmd;C:\CodeBruh\stripe\;C:\Program Files\Java\jdk-21\bin;C:\Program Files\Amazon\AWSCLIV2\;C:\Program Files\nodejs\;C:\php;C:\ProgramData\ComposerSetup\bin;C:\Program Files\Docker\Docker\resources\bin;D:\apache-maven-3.9.9-bin\apache-maven-3.9.9\bin;C:\Users\USER 1\.console-ninja\.bin;C:\Users\USER 1\AppData\Local\Programs\Python\Python312\Scripts\;C:\Users\USER 1\AppData\Local\Programs\Python\Python312\;C:\Users\USER 1\scoop\shims;C:\Program Files\MySQL\MySQL Shell 8.0\bin\;C:\Users\USER 1\AppData\Local\Microsoft\WindowsApps;C:\Program Files (x86)\Nmap;C:\Users\USER 1\AppData\Local\Programs\Microsoft VS Code\bin;C:\Users\USER 1\AppData\Local\Android\Sdk\platform-tools;C:\CodeBruh\stripe\stripe_1.18.0_windows_x86_64;C:\Users\USER 1\AppData\Roaming\npm;C:\php;C:\Users\USER 1\AppData\Roaming\Composer\vendor\bin;C:\Python312\Scripts;;."/>
    <property name="java.vm.info" value="mixed mode, sharing"/>
    <property name="stderr.encoding" value="Cp1252"/>
    <property name="java.vendor" value="Oracle Corporation"/>
    <property name="java.vm.version" value="21.0.3+7-LTS-152"/>
    <property name="sun.io.unicode.encoding" value="UnicodeLittle"/>
    <property name="java.class.version" value="65.0"/>
  </properties>
  <testcase name="shouldAnswerWithTrue" classname="com.subrutin.AppTest" time="0.007"/>
</testsuite>